<?xml version="1.0" encoding="UTF-8"?>
<testng-results ignored="0" total="1" passed="1" failed="0" skipped="0">
  <reporter-output>
  </reporter-output>
  <suite started-at="2023-11-29T16:52:29 IST" name="Default suite" finished-at="2023-11-29T16:52:30 IST" duration-ms="833">
    <groups>
    </groups>
    <test started-at="2023-11-29T16:52:29 IST" name="Default test" finished-at="2023-11-29T16:52:30 IST" duration-ms="833">
      <class name="restapi.Basics">
        <test-method signature="basics()[pri:0, instance:restapi.Basics@3a44431a]" started-at="2023-11-29T16:52:29 IST" name="basics" finished-at="2023-11-29T16:52:30 IST" duration-ms="746" status="PASS">
          <reporter-output>
          </reporter-output>
        </test-method> <!-- basics -->
      </class> <!-- restapi.Basics -->
    </test> <!-- Default test -->
  </suite> <!-- Default suite -->
</testng-results>
