<?xml version="1.0" encoding="UTF-8"?>
<testng-results ignored="0" total="5" passed="5" failed="0" skipped="0">
  <reporter-output>
  </reporter-output>
  <suite started-at="2023-11-21T22:38:08 IST" name="Default suite" finished-at="2023-11-21T22:38:18 IST" duration-ms="10130">
    <groups>
    </groups>
    <test started-at="2023-11-21T22:38:08 IST" name="Default test" finished-at="2023-11-21T22:38:18 IST" duration-ms="10130">
      <class name="restapi.HTTPRequest">
        <test-method signature="getUser()[pri:1, instance:restapi.HTTPRequest@3a44431a]" started-at="2023-11-21T22:38:08 IST" name="getUser" finished-at="2023-11-21T22:38:12 IST" duration-ms="3692" status="PASS">
          <reporter-output>
          </reporter-output>
        </test-method> <!-- getUser -->
        <test-method signature="getUsers()[pri:2, instance:restapi.HTTPRequest@3a44431a]" started-at="2023-11-21T22:38:12 IST" name="getUsers" finished-at="2023-11-21T22:38:14 IST" duration-ms="1790" status="PASS">
          <reporter-output>
          </reporter-output>
        </test-method> <!-- getUsers -->
        <test-method signature="createUser()[pri:3, instance:restapi.HTTPRequest@3a44431a]" started-at="2023-11-21T22:38:14 IST" name="createUser" finished-at="2023-11-21T22:38:16 IST" duration-ms="2308" status="PASS">
          <reporter-output>
          </reporter-output>
        </test-method> <!-- createUser -->
        <test-method signature="updateUser()[pri:4, instance:restapi.HTTPRequest@3a44431a]" started-at="2023-11-21T22:38:16 IST" name="updateUser" finished-at="2023-11-21T22:38:17 IST" duration-ms="1259" status="PASS">
          <reporter-output>
          </reporter-output>
        </test-method> <!-- updateUser -->
        <test-method signature="deleteUser()[pri:5, instance:restapi.HTTPRequest@3a44431a]" started-at="2023-11-21T22:38:17 IST" name="deleteUser" finished-at="2023-11-21T22:38:18 IST" duration-ms="904" status="PASS">
          <reporter-output>
          </reporter-output>
        </test-method> <!-- deleteUser -->
      </class> <!-- restapi.HTTPRequest -->
    </test> <!-- Default test -->
  </suite> <!-- Default suite -->
</testng-results>
